#
# A fatal error has been detected by the Java Runtime Environment:
#
#  EXCEPTION_ACCESS_VIOLATION (0xc0000005) at pc=0x6a25d35b, pid=9252, tid=9128
#
# JRE version: Java(TM) SE Runtime Environment (7.0_45-b18) (build 1.7.0_45-b18)
# Java VM: Java HotSpot(TM) Client VM (24.45-b08 mixed mode windows-x86 )
# Problematic frame:
# V  [jvm.dll+0xdd35b]
#
# Failed to write core dump. Minidumps are not enabled by default on client versions of Windows
#
# If you would like to submit a bug report, please visit:
#   http://bugreport.sun.com/bugreport/crash.jsp
#

---------------  T H R E A D  ---------------

Current thread (0x184efc00):  JavaThread "JDWP Transport Listener: dt_socket" daemon [_thread_in_vm, id=9128, stack(0x188b0000,0x18900000)]

siginfo: ExceptionCode=0xc0000005, reading address 0x00003b65

Registers:
EAX=0x00003b65, EBX=0x00000000, ECX=0x00003b65, EDX=0x00000000
ESP=0x188ff964, EBP=0x188ff968, ESI=0x02327ac8, EDI=0x188ffa48
EIP=0x6a25d35b, EFLAGS=0x00010206

Top of Stack: (sp=0x188ff964)
0x188ff964:   02327ac8 188ff990 6a38e04a 00003b65
0x188ff974:   188ff9cb 184efc00 00000000 00000000
0x188ff984:   00000000 184efc00 184efc00 188ff9cc
0x188ff994:   70279d9d 02327ac8 00003b65 188ff9cb
0x188ff9a4:   00003b65 7026436d 00003b65 188ff9cb
0x188ff9b4:   00000007 00000000 00000000 0000000a
0x188ff9c4:   00000000 00e45288 188ff9ec 702644e0
0x188ff9d4:   00000001 188ffa08 188ffa44 1851d3a0 

Instructions: (pc=0x6a25d35b)
0x6a25d33b:   89 4f 04 8b 56 0c 89 57 08 8b 46 10 89 47 0c 5f
0x6a25d34b:   5e 5d c2 0c 00 55 8b ec 8b 45 08 56 85 c0 74 28
0x6a25d35b:   8b 30 85 f6 74 22 81 fe fe fe fe fe 74 1a 8b 4e
0x6a25d36b:   04 8b 41 08 8b 90 90 00 00 00 83 c1 08 ff d2 84 


Register to memory mapping:

EAX=0x00003b65 is an unknown value
EBX=0x00000000 is an unknown value
ECX=0x00003b65 is an unknown value
EDX=0x00000000 is an unknown value
ESP=0x188ff964 is pointing into the stack for thread: 0x184efc00
EBP=0x188ff968 is pointing into the stack for thread: 0x184efc00
ESI=0x02327ac8 is an unknown value
EDI=0x188ffa48 is pointing into the stack for thread: 0x184efc00


Stack: [0x188b0000,0x18900000],  sp=0x188ff964,  free space=318k
Native frames: (J=compiled Java code, j=interpreted, Vv=VM code, C=native code)
V  [jvm.dll+0xdd35b]
V  [jvm.dll+0x20e04a]
C  [jdwp.dll+0x19d9d]
C  [jdwp.dll+0x44e0]
C  [jdwp.dll+0x451e]


---------------  P R O C E S S  ---------------

Java Threads: ( => current thread )
  0x1851c400 JavaThread "Service Thread" daemon [_thread_blocked, id=9972, stack(0x18af0000,0x18b40000)]
  0x1851bc00 JavaThread "C1 CompilerThread0" daemon [_thread_blocked, id=7652, stack(0x18a60000,0x18ab0000)]
  0x18510000 JavaThread "JDWP Command Reader" daemon [_thread_in_native, id=9604, stack(0x189d0000,0x18a20000)]
  0x1850d000 JavaThread "JDWP Event Helper Thread" daemon [_thread_blocked, id=4412, stack(0x18940000,0x18990000)]
=>0x184efc00 JavaThread "JDWP Transport Listener: dt_socket" daemon [_thread_in_vm, id=9128, stack(0x188b0000,0x18900000)]
  0x184ea400 JavaThread "Attach Listener" daemon [_thread_blocked, id=676, stack(0x187b0000,0x18800000)]
  0x184e7800 JavaThread "Signal Dispatcher" daemon [_thread_blocked, id=1192, stack(0x18720000,0x18770000)]
  0x01e4a800 JavaThread "Finalizer" daemon [_thread_blocked, id=8636, stack(0x18490000,0x184e0000)]
  0x01e45400 JavaThread "Reference Handler" daemon [_thread_blocked, id=9368, stack(0x18400000,0x18450000)]
  0x0232d800 JavaThread "main" [_thread_blocked, id=7060, stack(0x005f0000,0x00640000)]

Other Threads:
  0x01e43400 VMThread [stack: 0x18370000,0x183c0000] [id=9820]
  0x18526c00 WatcherThread [stack: 0x18b80000,0x18bd0000] [id=6700]

VM state:not at safepoint (normal execution)

VM Mutex/Monitor currently owned by a thread: None

Heap
 def new generation   total 4928K, used 713K [0x04330000, 0x04880000, 0x09880000)
  eden space 4416K,  16% used [0x04330000, 0x043e2470, 0x04780000)
  from space 512K,   0% used [0x04780000, 0x04780000, 0x04800000)
  to   space 512K,   0% used [0x04800000, 0x04800000, 0x04880000)
 tenured generation   total 10944K, used 0K [0x09880000, 0x0a330000, 0x14330000)
   the space 10944K,   0% used [0x09880000, 0x09880000, 0x09880200, 0x0a330000)
 compacting perm gen  total 12288K, used 1601K [0x14330000, 0x14f30000, 0x18330000)
   the space 12288K,  13% used [0x14330000, 0x144c0770, 0x144c0800, 0x14f30000)
No shared spaces configured.

Card table byte_map: [0x021e0000,0x02290000] byte_map_base: 0x021be680

Polling page: 0x005d0000

Code Cache  [0x02330000, 0x023c8000, 0x04330000)
 total_blobs=126 nmethods=4 adapters=68 free_code_cache=32189Kb largest_free_block=32962112

Compilation events (8 events):
Event: 0.796 Thread 0x1851bc00    1             java.lang.String::hashCode (55 bytes)
Event: 0.797 Thread 0x1851bc00 nmethod 1 0x023bfbc8 code [0x023bfcc0, 0x023bfda0]
Event: 0.803 Thread 0x1851bc00    2             java.lang.String::indexOf (70 bytes)
Event: 0.803 Thread 0x1851bc00 nmethod 2 0x023c0048 code [0x023c0160, 0x023c02ac]
Event: 0.807 Thread 0x1851bc00    3             java.lang.String::charAt (29 bytes)
Event: 0.807 Thread 0x1851bc00 nmethod 3 0x023c0408 code [0x023c0520, 0x023c065c]
Event: 0.808 Thread 0x1851bc00    4             java.lang.Object::<init> (1 bytes)
Event: 0.808 Thread 0x1851bc00 nmethod 4 0x023c07c8 code [0x023c08c0, 0x023c0950]

GC Heap History (0 events):
No events

Deoptimization events (0 events):
No events

Internal exceptions (2 events):
Event: 0.177 Thread 0x0232d800 Threw 0x0433fc28 at C:\re\jdk7u45\229\hotspot\src\share\vm\prims\jni.cpp:3991
Event: 0.810 Thread 0x0232d800 Threw 0x043b0b58 at C:\re\jdk7u45\229\hotspot\src\share\vm\prims\jvm.cpp:1244

Events (10 events):
Event: 678.351 Executing VM operation: GetCurrentLocation
Event: 678.351 Executing VM operation: GetCurrentLocation done
Event: 678.351 Executing VM operation: EnterInterpOnlyMode
Event: 678.351 Executing VM operation: EnterInterpOnlyMode done
Event: 678.351 Executing VM operation: ChangeSingleStep
Event: 678.351 Executing VM operation: ChangeSingleStep done
Event: 678.351 Executing VM operation: ChangeSingleStep
Event: 678.351 Executing VM operation: ChangeSingleStep done
Event: 678.354 Executing VM operation: RedefineClasses
Event: 678.354 Executing VM operation: RedefineClasses done


Dynamic libraries:
0x00370000 - 0x0039f000 	C:\Program Files (x86)\Java\jre7\bin\javaw.exe
0x777e0000 - 0x77948000 	C:\WINDOWS\SYSTEM32\ntdll.dll
0x77020000 - 0x77160000 	C:\WINDOWS\SYSTEM32\KERNEL32.DLL
0x77180000 - 0x7724f000 	C:\WINDOWS\SYSTEM32\KERNELBASE.dll
0x72400000 - 0x7249a000 	C:\WINDOWS\system32\apphelp.dll
0x71200000 - 0x71452000 	C:\WINDOWS\AppPatch\AcGenral.DLL
0x75210000 - 0x752ce000 	C:\WINDOWS\SYSTEM32\msvcrt.dll
0x76dd0000 - 0x76e0e000 	C:\WINDOWS\SYSTEM32\sechost.dll
0x751f0000 - 0x7520d000 	C:\WINDOWS\SYSTEM32\SspiCli.dll
0x77270000 - 0x772b1000 	C:\WINDOWS\SYSTEM32\SHLWAPI.dll
0x71610000 - 0x716ec000 	C:\WINDOWS\SYSTEM32\UxTheme.dll
0x752d0000 - 0x7541f000 	C:\WINDOWS\SYSTEM32\USER32.dll
0x76a80000 - 0x76b88000 	C:\WINDOWS\SYSTEM32\GDI32.dll
0x74f00000 - 0x74f20000 	C:\WINDOWS\SYSTEM32\WINMM.dll
0x711e0000 - 0x711f2000 	C:\WINDOWS\SYSTEM32\samcli.dll
0x76f00000 - 0x7700b000 	C:\WINDOWS\SYSTEM32\ole32.dll
0x76d40000 - 0x76dc7000 	C:\WINDOWS\SYSTEM32\OLEAUT32.dll
0x711c0000 - 0x711d5000 	C:\WINDOWS\SYSTEM32\MSACM32.dll
0x75170000 - 0x75178000 	C:\WINDOWS\SYSTEM32\VERSION.dll
0x75520000 - 0x766c4000 	C:\WINDOWS\SYSTEM32\SHELL32.dll
0x72390000 - 0x723a9000 	C:\WINDOWS\SYSTEM32\USERENV.dll
0x711a0000 - 0x711b9000 	C:\WINDOWS\SYSTEM32\dwmapi.dll
0x714e0000 - 0x71604000 	C:\WINDOWS\SYSTEM32\urlmon.dll
0x77440000 - 0x774b7000 	C:\WINDOWS\SYSTEM32\ADVAPI32.dll
0x75110000 - 0x7516e000 	C:\WINDOWS\SYSTEM32\WINSPOOL.DRV
0x71740000 - 0x71754000 	C:\WINDOWS\SYSTEM32\MPR.dll
0x77650000 - 0x77701000 	C:\WINDOWS\SYSTEM32\RPCRT4.dll
0x751e0000 - 0x751e9000 	C:\WINDOWS\SYSTEM32\CRYPTBASE.dll
0x766d0000 - 0x7681e000 	C:\WINDOWS\SYSTEM32\combase.dll
0x74ea0000 - 0x74ec0000 	C:\WINDOWS\SYSTEM32\WINMMBASE.dll
0x74ac0000 - 0x74ace000 	C:\WINDOWS\SYSTEM32\profapi.dll
0x71b40000 - 0x71d57000 	C:\WINDOWS\SYSTEM32\iertutil.dll
0x71e50000 - 0x72014000 	C:\WINDOWS\SYSTEM32\WININET.dll
0x75180000 - 0x751d1000 	C:\WINDOWS\SYSTEM32\bcryptPrimitives.dll
0x76e10000 - 0x76e4a000 	C:\WINDOWS\SYSTEM32\cfgmgr32.dll
0x750f0000 - 0x7510f000 	C:\WINDOWS\SYSTEM32\DEVOBJ.dll
0x74c80000 - 0x74cf7000 	C:\WINDOWS\SYSTEM32\SHCORE.DLL
0x774c0000 - 0x774e5000 	C:\WINDOWS\system32\IMM32.DLL
0x75420000 - 0x75517000 	C:\WINDOWS\SYSTEM32\MSCTF.dll
0x70af0000 - 0x70cd5000 	C:\WINDOWS\WinSxS\x86_microsoft.windows.common-controls_6595b64144ccf1df_6.0.9600.16384_none_a9f4965301334e09\COMCTL32.dll
0x6a500000 - 0x6a5bf000 	C:\Program Files (x86)\Java\jre7\bin\msvcr100.dll
0x6a180000 - 0x6a500000 	C:\Program Files (x86)\Java\jre7\bin\client\jvm.dll
0x72380000 - 0x72388000 	C:\WINDOWS\SYSTEM32\WSOCK32.dll
0x76e90000 - 0x76e96000 	C:\WINDOWS\SYSTEM32\PSAPI.DLL
0x76820000 - 0x7686d000 	C:\WINDOWS\SYSTEM32\WS2_32.dll
0x77160000 - 0x77167000 	C:\WINDOWS\SYSTEM32\NSI.dll
0x70e30000 - 0x70e3c000 	C:\Program Files (x86)\Java\jre7\bin\verify.dll
0x70290000 - 0x702b0000 	C:\Program Files (x86)\Java\jre7\bin\java.dll
0x70260000 - 0x7028a000 	C:\Program Files (x86)\Java\jre7\bin\jdwp.dll
0x70e10000 - 0x70e17000 	C:\Program Files (x86)\Java\jre7\bin\npt.dll
0x6a160000 - 0x6a173000 	C:\Program Files (x86)\Java\jre7\bin\zip.dll
0x6a150000 - 0x6a158000 	C:\Program Files (x86)\Java\jre7\bin\dt_socket.dll
0x73e40000 - 0x73e52000 	C:\WINDOWS\system32\NLAapi.dll
0x73e30000 - 0x73e40000 	C:\WINDOWS\system32\napinsp.dll
0x73b70000 - 0x73b84000 	C:\WINDOWS\system32\pnrpnsp.dll
0x74d00000 - 0x74d45000 	C:\WINDOWS\System32\mswsock.dll
0x73e80000 - 0x73efc000 	C:\WINDOWS\SYSTEM32\DNSAPI.dll
0x72920000 - 0x72929000 	C:\WINDOWS\System32\winrnr.dll
0x728f0000 - 0x72911000 	C:\Program Files (x86)\Bonjour\mdnsNSP.dll
0x728d0000 - 0x728ee000 	C:\WINDOWS\SYSTEM32\Iphlpapi.DLL
0x728c0000 - 0x728c8000 	C:\WINDOWS\SYSTEM32\WINNSI.DLL
0x72860000 - 0x728a4000 	C:\WINDOWS\System32\fwpuclnt.dll
0x728b0000 - 0x728b7000 	C:\Windows\System32\rasadhlp.dll
0x6a000000 - 0x6a148000 	C:\WINDOWS\SYSTEM32\dbghelp.dll

VM Arguments:
jvm_args: -agentlib:jdwp=transport=dt_socket,suspend=y,address=localhost:51655 -Dfile.encoding=MS932 
java_command: org.benthumb.odesk.calendar.ZoomWorld 01 01 1901
Launcher Type: SUN_STANDARD

Environment Variables:
JAVA_HOME=C:\Program Files\Java\jdk1.7.0
PATH=C:\Program Files (x86)\Haskell\bin;C:\Program Files (x86)\Haskell Platform\2013.2.0.0\lib\extralibs\bin;C:\Program Files (x86)\Haskell Platform\2013.2.0.0\bin;C:\Tcl\bin;C:\OCaml\bin;C:\Program Files (x86)\NVIDIA Corporation\PhysX\Common;C:\Users\Paul\bin\Sencha\Cmd\3.0.0.250;C:\Program Files (x86)\ImageMagick-6.7.6-Q16;C:\WINDOWS\system32;C:\WINDOWS;C:\WINDOWS\System32\Wbem;C:\WINDOWS\System32\WindowsPowerShell\v1.0\;C:\Program Files (x86)\Microsoft SQL Server\100\Tools\Binn\;C:\Program Files\Microsoft SQL Server\100\Tools\Binn\;C:\Program Files\Microsoft SQL Server\100\DTS\Binn\;C:\Program Files (x86)\MATLAB\R2011a Student\bin;C:\Program Files (x86)\Csound\bin;C:\Program Files (x86)\MATLAB\R2011a Student\bin;C:\Program Files (x86)\MATLAB\R2011a Student\bin\win32;C:\Python27;C:\nero;C:\Program Files\Java\jdk1.7.0\bin;C:\Program Files\Common Files\Autodesk Shared\;C:\Program Files\Cepstral\bin;C:\Program Files (x86)\Pandoc\bin;C:\Python26;C:\Users\Paul\Documents\install-tl-20120203\tlpkg\tlperl\bin;C:\DLLs;C:\Program Files\MySQL\MySQL Server 5.5\bin;C:\curl-7.19.5;C:\w32tex\bin;C:\Program Files (x86)\Git\cmd;C:\D\dm\bin;C:\Program Files (x86)\sencha-touch-2.1.0-commercial;C:\Program Files\Microsoft\Web Platform Installer\;C:\Program Files (x86)\Microsoft ASP.NET\ASP.NET Web Pages\v1.0\;C:\Program Files\Microsoft SQL Server\110\Tools\Binn\;C:\Program Files (x86)\Calibre2\;C:\Program Files (x86)\scala\\bin;C:\Program Files\nodejs\;C:\Program Files (x86)\Windows Kits\8.1\Windows Performance Toolkit\;D:\etc\php;C:\Program Files (x86)\Haskell Platform\2013.2.0.0\mingw\bin;C:\Program Files (x86)\QuickTime\QTSystem\;C:\Users\Paul\AppData\Roaming\cabal\bin;C:\Ruby193\bin;C:\ctags58;C:\Program Files\Racket;C:\Users\Paul\AppData\Roaming\npm;C:\Program Files\PostgreSQL\9.3\bin;C:\vim73-kaoriya-win64
USERNAME=Paul
OS=Windows_NT
PROCESSOR_IDENTIFIER=Intel64 Family 6 Model 42 Stepping 7, GenuineIntel



---------------  S Y S T E M  ---------------

OS: Windows 8 , 64 bit Build 9200 

CPU:total 8 (4 cores per cpu, 2 threads per core) family 6 model 42 stepping 7, cmov, cx8, fxsr, mmx, sse, sse2, sse3, ssse3, sse4.1, sse4.2, popcnt, avx, aes, ht, tsc, tscinvbit

Memory: 4k page, physical 8365464k(5270568k free), swap 16754072k(12877784k free)

vm_info: Java HotSpot(TM) Client VM (24.45-b08) for windows-x86 JRE (1.7.0_45-b18), built on Oct  8 2013 06:02:43 by "java_re" with unknown MS VC++:1600

time: Mon Apr 28 15:52:47 2014
elapsed time: 678 seconds

